<?xml version="1.0" encoding="UTF-8"?>
<!-- Generated by org.testng.reporters.JUnitXMLReporter -->
<testsuite ignored="4" hostname="Harikrishna" failures="0" tests="1" name="Test" time="60.255" errors="0" timestamp="2024-11-21T09:59:09 IST">
  <testcase classname="TcRepo.TC_004Test" name="LE_04" time="19.9"/>
  <testcase classname="GenericUtility.BaseClass" name="@BeforeSuite dbconnection" time="0.0">
    <ignored/>
  </testcase> <!-- @BeforeSuite dbconnection -->
  <testcase classname="GenericUtility.BaseClass" name="@BeforeSuite dbconnection" time="0.0">
    <ignored/>
  </testcase> <!-- @BeforeSuite dbconnection -->
  <testcase classname="GenericUtility.BaseClass" name="@AfterSuite closeDBconnection" time="0.0">
    <ignored/>
  </testcase> <!-- @AfterSuite closeDBconnection -->
  <testcase classname="GenericUtility.BaseClass" name="@AfterSuite closeDBconnection" time="0.0">
    <ignored/>
  </testcase> <!-- @AfterSuite closeDBconnection -->
</testsuite> <!-- Test -->
